2023-11-23 19:43:18,207 [INFO]: Maigret process started for username: gotr00t0day
2023-11-23 19:48:14,996 [INFO]: Maigret process started for username: gotr00t0day
2023-11-23 19:50:03,562 [INFO]: Maigret process ended for username: gotr00t0day
2023-11-23 19:50:03,601 [INFO]: Maigret process took 0:01:48.606396
2023-11-23 19:55:20,037 [INFO]: Maigret process started for username: gotr00t0day
2023-11-23 19:56:47,624 [INFO]: Maigret process ended for username: gotr00t0day
2023-11-23 19:56:47,624 [INFO]: Maigret process took 0:01:27.588171
2023-11-23 21:36:05,206 [INFO]: HTTP Request: GET https://www.google.com/search?q=BoucyMatt&start=0 "HTTP/1.1 200 OK"
2023-11-23 21:36:13,826 [INFO]: HTTP Request: GET https://www.google.com/search?q=BoucyMatt&start=10 "HTTP/1.1 200 OK"
2023-11-23 21:41:30,478 [WARNING]: Certificate did not match expected hostname: www.blip.fm. Certificate: {'subject': ((('commonName', 'blip.fm'),),), 'issuer': ((('countryName', 'US'),), (('organizationName', "Let's Encrypt"),), (('commonName', 'R3'),)), 'version': 3, 'serialNumber': '039F3500C02757B502E2362382F5EEB637A5', 'notBefore': 'Oct  1 03:06:02 2023 GMT', 'notAfter': 'Dec 30 03:06:01 2023 GMT', 'subjectAltName': (('DNS', 'blip.fm'),), 'OCSP': ('http://r3.o.lencr.org',), 'caIssuers': ('http://r3.i.lencr.org/',)}
2023-11-27 13:26:43,851 [INFO]: HTTP Request: GET https://www.google.com/search?q=Commander%20Throk&start=0 "HTTP/1.1 200 OK"
2023-11-27 13:26:55,219 [INFO]: HTTP Request: GET https://www.google.com/search?q=Commander%20Throk&start=10 "HTTP/1.1 200 OK"
2023-11-27 13:27:07,093 [INFO]: HTTP Request: GET https://www.google.com/search?q=Commander%20Throk&start=20 "HTTP/1.1 200 OK"
2023-11-27 13:27:18,778 [INFO]: HTTP Request: GET https://www.google.com/search?q=Commander%20Throk&start=30 "HTTP/1.1 200 OK"
2023-11-27 13:27:30,741 [INFO]: HTTP Request: GET https://www.google.com/search?q=Commander%20Throk&start=40 "HTTP/1.1 200 OK"
2023-11-27 13:27:42,670 [INFO]: HTTP Request: GET https://www.google.com/search?q=%22Commander%20Throk%22&start=50 "HTTP/1.1 200 OK"
2023-11-27 13:27:54,745 [INFO]: HTTP Request: GET https://www.google.com/search?q=%22Commander%20Throk%22&start=60 "HTTP/1.1 200 OK"
2023-11-27 13:28:06,693 [INFO]: HTTP Request: GET https://www.google.com/search?q=%22Commander%20Throk%22&start=70 "HTTP/1.1 200 OK"
2023-11-27 13:28:14,162 [INFO]: HTTP Request: GET https://www.google.com/search?q=%22Commander%20Throk%22&start=80 "HTTP/1.1 200 OK"
2023-11-27 13:30:55,655 [INFO]: HTTP Request: GET https://www.google.com/search?q=%22CO%20Caponello%22&start=0 "HTTP/1.1 200 OK"
2023-11-27 13:31:07,631 [INFO]: HTTP Request: GET https://www.google.com/search?q=%22CO%20Caponello%22&start=10 "HTTP/1.1 200 OK"
2023-11-27 13:32:37,310 [INFO]: HTTP Request: GET https://www.google.com/search?q=%22hazel%20Socrat%22&start=0 "HTTP/1.1 200 OK"
2023-11-27 13:32:48,120 [INFO]: HTTP Request: GET https://www.google.com/search?q=%22hazel%20Socrat%22&start=10 "HTTP/1.1 200 OK"
2023-11-27 13:37:29,889 [INFO]: HTTP Request: GET https://www.google.com/search?q=HazelSocrat&start=0 "HTTP/1.1 200 OK"
2023-11-27 13:37:40,985 [INFO]: HTTP Request: GET https://www.google.com/search?q=HazelSocrat&start=10 "HTTP/1.1 200 OK"
2023-11-27 13:37:50,662 [INFO]: HTTP Request: GET https://www.google.com/search?q=HazelSocrat&start=0 "HTTP/1.1 200 OK"
2023-11-27 13:38:01,497 [INFO]: HTTP Request: GET https://www.google.com/search?q=HazelSocrat&start=10 "HTTP/1.1 200 OK"
2023-11-27 13:38:39,294 [INFO]: HTTP Request: GET https://www.google.com/search?q=BoucyMatt&start=0 "HTTP/1.1 200 OK"
2023-11-27 13:38:48,260 [INFO]: HTTP Request: GET https://www.google.com/search?q=BoucyMatt&start=10 "HTTP/1.1 200 OK"
2023-11-27 13:41:46,259 [WARNING]: Certificate did not match expected hostname: www.blip.fm. Certificate: {'subject': ((('commonName', 'blip.fm'),),), 'issuer': ((('countryName', 'US'),), (('organizationName', "Let's Encrypt"),), (('commonName', 'R3'),)), 'version': 3, 'serialNumber': '039F3500C02757B502E2362382F5EEB637A5', 'notBefore': 'Oct  1 03:06:02 2023 GMT', 'notAfter': 'Dec 30 03:06:01 2023 GMT', 'subjectAltName': (('DNS', 'blip.fm'),), 'OCSP': ('http://r3.o.lencr.org',), 'caIssuers': ('http://r3.i.lencr.org/',)}
2023-11-30 14:20:48,545 [INFO]: HTTP Request: GET https://www.google.com/search?q=Klown0Fourtwenty&start=0 "HTTP/1.1 200 OK"
2023-11-30 14:20:58,382 [INFO]: HTTP Request: GET https://www.google.com/search?q=Klown0Fourtwenty&start=10 "HTTP/1.1 200 OK"
2023-11-30 14:28:45,585 [INFO]: HTTP Request: GET https://www.google.com/search?q=KlownFourtwenty&start=0 "HTTP/1.1 200 OK"
2023-11-30 14:28:54,374 [INFO]: HTTP Request: GET https://www.google.com/search?q=KlownFourtwenty&start=10 "HTTP/1.1 200 OK"
2023-12-01 00:55:22,307 [INFO]: HTTP Request: GET https://www.google.com/search?q=gotr00t0day&start=0 "HTTP/1.1 200 OK"
2023-12-01 01:24:54,424 [INFO]: HTTP Request: GET https://www.google.com/search?q=gotr00t0day&start=0 "HTTP/1.1 200 OK"
2023-12-01 01:25:07,075 [INFO]: HTTP Request: GET https://www.google.com/search?q=gotr00t0day&start=10 "HTTP/1.1 200 OK"
2023-12-01 01:25:19,225 [INFO]: HTTP Request: GET https://www.google.com/search?q=gotr00t0day&start=20 "HTTP/1.1 200 OK"
2023-12-01 01:25:29,833 [INFO]: HTTP Request: GET https://www.google.com/search?q=gotr00t0day&start=30 "HTTP/1.1 200 OK"
2023-12-01 01:25:38,327 [INFO]: HTTP Request: GET https://www.google.com/search?q=gotr00t0day&start=40 "HTTP/1.1 200 OK"
2023-12-01 01:25:40,511 [INFO]: HTTP Request: GET https://www.google.com/search?q=gotr00t0day&start=50 "HTTP/1.1 200 OK"
2023-12-01 01:25:42,812 [INFO]: HTTP Request: GET https://www.google.com/search?q=gotr00t0day&start=60 "HTTP/1.1 200 OK"
2023-12-03 23:09:44,397 [INFO]: HTTP Request: GET https://www.google.com/search?q=J3mon&start=0 "HTTP/1.1 200 OK"
2023-12-03 23:09:56,080 [INFO]: HTTP Request: GET https://www.google.com/search?q=J3mon&start=10 "HTTP/1.1 200 OK"
2023-12-03 23:10:03,816 [INFO]: HTTP Request: GET https://www.google.com/search?q=J3mon&start=20 "HTTP/1.1 200 OK"
2023-12-03 23:10:12,255 [INFO]: HTTP Request: GET https://www.google.com/search?q=J3mon&start=30 "HTTP/1.1 200 OK"
2023-12-03 23:10:23,269 [INFO]: HTTP Request: GET https://www.google.com/search?q=J3mon&start=40 "HTTP/1.1 200 OK"
2023-12-03 23:10:33,185 [INFO]: HTTP Request: GET https://www.google.com/search?q=J3mon&start=50 "HTTP/1.1 200 OK"
2023-12-03 23:10:35,948 [INFO]: HTTP Request: GET https://www.google.com/search?q=%22J3mon%22&start=0 "HTTP/1.1 200 OK"
2023-12-03 23:10:47,469 [INFO]: HTTP Request: GET https://www.google.com/search?q=%22J3mon%22&start=10 "HTTP/1.1 200 OK"
2023-12-03 23:12:38,216 [INFO]: HTTP Request: GET https://www.google.com/search?q=%22Jxmon%22&start=0 "HTTP/1.1 200 OK"
2023-12-03 23:12:49,803 [INFO]: HTTP Request: GET https://www.google.com/search?q=%22Jxmon%22&start=10 "HTTP/1.1 200 OK"
2023-12-03 23:13:00,284 [INFO]: HTTP Request: GET https://www.google.com/search?q=%22Jxmon%22&start=20 "HTTP/1.1 200 OK"
2023-12-03 23:13:10,889 [INFO]: HTTP Request: GET https://www.google.com/search?q=%22Jxmon%22&start=30 "HTTP/1.1 200 OK"
2023-12-03 23:13:21,268 [INFO]: HTTP Request: GET https://www.google.com/search?q=%22Jxmon%22&start=40 "HTTP/1.1 200 OK"
2023-12-03 23:13:31,595 [INFO]: HTTP Request: GET https://www.google.com/search?q=%22Jxmon%22&start=50 "HTTP/1.1 200 OK"
2023-12-03 23:13:43,460 [INFO]: HTTP Request: GET https://www.google.com/search?q=%22Jxmon%22&start=60 "HTTP/1.1 200 OK"
2023-12-03 23:13:47,796 [INFO]: HTTP Request: GET https://www.google.com/search?q=%22Jxmon%22&start=70 "HTTP/1.1 200 OK"
2023-12-03 23:15:24,969 [INFO]: HTTP Request: GET https://www.google.com/search?q=%22J6m0n%22&start=0 "HTTP/1.1 200 OK"
2023-12-03 23:15:34,762 [INFO]: HTTP Request: GET https://www.google.com/search?q=%22J6m0n%22&start=10 "HTTP/1.1 200 OK"
2023-12-03 23:15:45,992 [INFO]: HTTP Request: GET https://www.google.com/search?q=%22J6m0n%22&start=20 "HTTP/1.1 200 OK"
2023-12-03 23:15:48,905 [INFO]: HTTP Request: GET https://www.google.com/search?q=%22J6m0n%22&start=30 "HTTP/1.1 200 OK"
2023-12-04 23:40:10,977 [INFO]: HTTP Request: GET https://www.google.com/search?q=%22J3m0n%22&start=0 "HTTP/1.1 200 OK"
2023-12-04 23:40:22,438 [INFO]: HTTP Request: GET https://www.google.com/search?q=%22J3m0n%22&start=10 "HTTP/1.1 200 OK"
2023-12-04 23:40:33,525 [INFO]: HTTP Request: GET https://www.google.com/search?q=%22J3m0n%22&start=20 "HTTP/1.1 200 OK"
2023-12-04 23:40:37,437 [INFO]: HTTP Request: GET https://www.google.com/search?q=%22J3m0n%22&start=30 "HTTP/1.1 200 OK"
2023-12-04 23:46:26,768 [WARNING]: Certificate did not match expected hostname: www.blip.fm. Certificate: {'subject': ((('commonName', 'blip.fm'),),), 'issuer': ((('countryName', 'US'),), (('organizationName', "Let's Encrypt"),), (('commonName', 'R3'),)), 'version': 3, 'serialNumber': '04B470FFDE09DD649D4B56DFDB1009DF3586', 'notBefore': 'Dec  1 04:05:48 2023 GMT', 'notAfter': 'Feb 29 04:05:47 2024 GMT', 'subjectAltName': (('DNS', 'blip.fm'),), 'OCSP': ('http://r3.o.lencr.org',), 'caIssuers': ('http://r3.i.lencr.org/',)}
2023-12-04 23:47:35,177 [INFO]: HTTP Request: GET https://www.google.com/search?q=J3m0n&start=0 "HTTP/1.1 200 OK"
2023-12-04 23:47:46,128 [INFO]: HTTP Request: GET https://www.google.com/search?q=J3m0n&start=10 "HTTP/1.1 200 OK"
2023-12-04 23:47:57,578 [INFO]: HTTP Request: GET https://www.google.com/search?q=J3m0n&start=20 "HTTP/1.1 200 OK"
2023-12-04 23:48:01,034 [INFO]: HTTP Request: GET https://www.google.com/search?q=J3m0n&start=30 "HTTP/1.1 200 OK"
2023-12-04 23:57:55,832 [INFO]: HTTP Request: GET https://www.google.com/search?q=J6m0n&start=0 "HTTP/1.1 200 OK"
2023-12-04 23:58:06,384 [INFO]: HTTP Request: GET https://www.google.com/search?q=J6m0n&start=10 "HTTP/1.1 200 OK"
2023-12-04 23:58:18,026 [INFO]: HTTP Request: GET https://www.google.com/search?q=J6m0n&start=20 "HTTP/1.1 200 OK"
2023-12-04 23:58:21,049 [INFO]: HTTP Request: GET https://www.google.com/search?q=J6m0n&start=30 "HTTP/1.1 200 OK"
2023-12-05 00:01:34,014 [INFO]: HTTP Request: GET https://www.google.com/search?q=gotr00t0day&start=0 "HTTP/1.1 200 OK"
2023-12-05 00:01:44,131 [INFO]: HTTP Request: GET https://www.google.com/search?q=gotr00t0day&start=10 "HTTP/1.1 200 OK"
2023-12-05 00:01:51,432 [INFO]: HTTP Request: GET https://www.google.com/search?q=gotr00t0day&start=20 "HTTP/1.1 200 OK"
2023-12-05 00:02:00,798 [INFO]: HTTP Request: GET https://www.google.com/search?q=gotr00t0day&start=30 "HTTP/1.1 200 OK"
2023-12-05 00:02:06,447 [INFO]: HTTP Request: GET https://www.google.com/search?q=gotr00t0day&start=40 "HTTP/1.1 200 OK"
2023-12-05 00:02:14,990 [INFO]: HTTP Request: GET https://www.google.com/search?q=gotr00t0day&start=50 "HTTP/1.1 200 OK"
2023-12-05 15:16:33,809 [INFO]: HTTP Request: GET https://www.google.com/search?q=sweet_as_honey0805@yahoo.com&start=0 "HTTP/1.1 200 OK"
2023-12-05 15:16:56,882 [INFO]: HTTP Request: GET https://www.google.com/search?q=570-536-1700&start=0 "HTTP/1.1 200 OK"
2023-12-05 15:17:02,148 [INFO]: HTTP Request: GET https://www.google.com/search?q=570-536-1700&start=10 "HTTP/1.1 200 OK"
